<?xml version="1.0" encoding="UTF-8"?>
<testng-results skipped="0" failed="0" ignored="0" total="1" passed="1">
  <reporter-output>
  </reporter-output>
  <suite name="Main Test Suite" duration-ms="53267" started-at="2019-05-30T10:07:03Z" finished-at="2019-05-30T10:07:56Z">
    <groups>
    </groups>
    <test name="Reliance" duration-ms="53267" started-at="2019-05-30T10:07:03Z" finished-at="2019-05-30T10:07:56Z">
      <class name="com.tourisz.Utilities.Create_TestNGXML">
        <test-method status="PASS" signature="createXMLfile()[pri:0, instance:com.tourisz.Utilities.Create_TestNGXML@20398b7c]" name="createXMLfile" duration-ms="53219" started-at="2019-05-30T10:07:03Z" finished-at="2019-05-30T10:07:56Z">
          <reporter-output>
          </reporter-output>
        </test-method> <!-- createXMLfile -->
      </class> <!-- com.tourisz.Utilities.Create_TestNGXML -->
    </test> <!-- Reliance -->
  </suite> <!-- Main Test Suite -->
</testng-results>
